#
# There is insufficient memory for the Java Runtime Environment to continue.
# Native memory allocation (malloc) failed to allocate 32744 bytes. Error detail: ChunkPool::allocate
# Possible reasons:
#   The system is out of physical RAM or swap space
#   This process is running with CompressedOops enabled, and the Java Heap may be blocking the growth of the native heap
# Possible solutions:
#   Reduce memory load on the system
#   Increase physical memory or swap space
#   Check if swap backing store is full
#   Decrease Java heap size (-Xmx/-Xms)
#   Decrease number of Java threads
#   Decrease Java thread stack sizes (-Xss)
#   Set larger code cache with -XX:ReservedCodeCacheSize=
#   JVM is running with Unscaled Compressed Oops mode in which the Java heap is
#     placed in the first 4GB address space. The Java Heap base address is the
#     maximum limit for the native heap growth. Please use -XX:HeapBaseMinAddress
#     to set the Java Heap base and to place the Java Heap above 4GB virtual address.
# This output file may be truncated or incomplete.
#
#  Out of Memory Error (arena.cpp:79), pid=1368, tid=3108
#
# JRE version: OpenJDK Runtime Environment Temurin-17.0.19+10 (17.0.19+10) (build 17.0.19+10)
# Java VM: OpenJDK 64-Bit Server VM Temurin-17.0.19+10 (17.0.19+10, mixed mode, sharing, tiered, compressed oops, compressed class ptrs, g1 gc, windows-amd64)
# No core dump will be written. Minidumps are not enabled by default on client versions of Windows
#

---------------  S U M M A R Y ------------

Command Line: -Dfile.encoding=UTF-8 --module-path=E:\Documentos\NetBeansProjects\Damas-Multiplayer-Java\DamasMultiplayer\build\classes damasmultiplayer.DamasMultiplayer

Host: Intel(R) Celeron(R) CPU N3350 @ 1.10GHz, 2 cores, 3G,  Windows 10 , 64 bit Build 17763 (10.0.17763.3887)
Time: Thu Jun 18 01:46:39 2026 Hora estándar de Venezuela elapsed time: 3.909321 seconds (0d 0h 0m 3s)

---------------  T H R E A D  ---------------

Current thread (0x000002306155a820):  JavaThread "C1 CompilerThread0" daemon [_thread_in_native, id=3108, stack(0x000000cae7700000,0x000000cae7800000)]


Current CompileTask:
C1:3909 1021       3       java.lang.StringConcatHelper::simpleConcat (94 bytes)

Stack: [0x000000cae7700000,0x000000cae7800000]
Native frames: (J=compiled Java code, j=interpreted, Vv=VM code, C=native code)
V  [jvm.dll+0x684b29]
V  [jvm.dll+0x83a2d5]
V  [jvm.dll+0x83bd4e]
V  [jvm.dll+0x83c3d3]
V  [jvm.dll+0x24905f]
V  [jvm.dll+0xad73e]
V  [jvm.dll+0xadbdc]
V  [jvm.dll+0x1d075d]
V  [jvm.dll+0x1d04f3]
V  [jvm.dll+0x1d028b]
V  [jvm.dll+0x1cd36d]
V  [jvm.dll+0x647b2e]
V  [jvm.dll+0x647700]
V  [jvm.dll+0x1cbffd]
V  [jvm.dll+0x145c68]
V  [jvm.dll+0x13a234]
V  [jvm.dll+0x145848]
V  [jvm.dll+0x148a37]
V  [jvm.dll+0x148425]
V  [jvm.dll+0x14006b]
V  [jvm.dll+0x14231e]
V  [jvm.dll+0x14080c]
V  [jvm.dll+0x148f33]
V  [jvm.dll+0x148425]
V  [jvm.dll+0x14006b]
V  [jvm.dll+0x14231e]
V  [jvm.dll+0x14080c]
V  [jvm.dll+0x148f33]
V  [jvm.dll+0x148425]
V  [jvm.dll+0x14006b]
V  [jvm.dll+0x14231e]
V  [jvm.dll+0x140906]
V  [jvm.dll+0x13a9c7]
V  [jvm.dll+0x14a0c8]
V  [jvm.dll+0x135e85]
V  [jvm.dll+0x136200]
V  [jvm.dll+0x1364de]
V  [jvm.dll+0x135927]
V  [jvm.dll+0x13764d]
V  [jvm.dll+0x2299fa]
V  [jvm.dll+0x227bab]
V  [jvm.dll+0x7f0a88]
V  [jvm.dll+0x7eaf1c]
V  [jvm.dll+0x6839f7]
C  [ucrtbase.dll+0x2268a]
C  [KERNEL32.DLL+0x17ad4]
C  [ntdll.dll+0x5a371]


---------------  P R O C E S S  ---------------

Threads class SMR info:
_java_thread_list=0x00000230664320f0, length=14, elements={
0x0000023046490ff0, 0x0000023046542320, 0x0000023046543850, 0x00000230614e9130,
0x00000230614ebb10, 0x00000230614ec3e0, 0x00000230614eccb0, 0x00000230614ed8b0,
0x000002306155a820, 0x000002306155f500, 0x00000230615be920, 0x00000230617bfcc0,
0x0000023061978be0, 0x00000230619429b0
}

Java Threads: ( => current thread )
  0x0000023046490ff0 JavaThread "main" [_thread_in_native, id=856, stack(0x000000cae6900000,0x000000cae6a00000)]
  0x0000023046542320 JavaThread "Reference Handler" daemon [_thread_blocked, id=3424, stack(0x000000cae7000000,0x000000cae7100000)]
  0x0000023046543850 JavaThread "Finalizer" daemon [_thread_blocked, id=2928, stack(0x000000cae7100000,0x000000cae7200000)]
  0x00000230614e9130 JavaThread "Signal Dispatcher" daemon [_thread_blocked, id=4720, stack(0x000000cae7200000,0x000000cae7300000)]
  0x00000230614ebb10 JavaThread "Attach Listener" daemon [_thread_blocked, id=1776, stack(0x000000cae7300000,0x000000cae7400000)]
  0x00000230614ec3e0 JavaThread "Service Thread" daemon [_thread_blocked, id=3388, stack(0x000000cae7400000,0x000000cae7500000)]
  0x00000230614eccb0 JavaThread "Monitor Deflation Thread" daemon [_thread_blocked, id=2428, stack(0x000000cae7500000,0x000000cae7600000)]
  0x00000230614ed8b0 JavaThread "C2 CompilerThread0" daemon [_thread_in_native, id=5680, stack(0x000000cae7600000,0x000000cae7700000)]
=>0x000002306155a820 JavaThread "C1 CompilerThread0" daemon [_thread_in_native, id=3108, stack(0x000000cae7700000,0x000000cae7800000)]
  0x000002306155f500 JavaThread "Sweeper thread" daemon [_thread_blocked, id=4696, stack(0x000000cae7800000,0x000000cae7900000)]
  0x00000230615be920 JavaThread "Common-Cleaner" daemon [_thread_blocked, id=2248, stack(0x000000cae7900000,0x000000cae7a00000)]
  0x00000230617bfcc0 JavaThread "Notification Thread" daemon [_thread_blocked, id=3804, stack(0x000000cae7a00000,0x000000cae7b00000)]
  0x0000023061978be0 JavaThread "Java2D Disposer" daemon [_thread_blocked, id=1832, stack(0x000000cae7c00000,0x000000cae7d00000)]
  0x00000230619429b0 JavaThread "AWT-Windows" daemon [_thread_in_native, id=3772, stack(0x000000cae7e00000,0x000000cae7f00000)]

Other Threads:
  0x000002304653dd20 VMThread "VM Thread" [stack: 0x000000cae6f00000,0x000000cae7000000] [id=5712]
  0x00000230617c01a0 WatcherThread [stack: 0x000000cae7b00000,0x000000cae7c00000] [id=6864]
  0x00000230464cece0 GCTaskThread "GC Thread#0" [stack: 0x000000cae6a00000,0x000000cae6b00000] [id=3132]
  0x0000023061a1e5a0 GCTaskThread "GC Thread#1" [stack: 0x000000cae7f00000,0x000000cae8000000] [id=5176]
  0x00000230464d7780 ConcurrentGCThread "G1 Main Marker" [stack: 0x000000cae6b00000,0x000000cae6c00000] [id=6088]
  0x00000230464d8c70 ConcurrentGCThread "G1 Conc#0" [stack: 0x000000cae6c00000,0x000000cae6d00000] [id=3980]
  0x000002304651c470 ConcurrentGCThread "G1 Refine#0" [stack: 0x000000cae6d00000,0x000000cae6e00000] [id=1440]
  0x0000023061a1e860 ConcurrentGCThread "G1 Refine#1" [stack: 0x000000cae8000000,0x000000cae8100000] [id=2212]
  0x00000230465226b0 ConcurrentGCThread "G1 Service" [stack: 0x000000cae6e00000,0x000000cae6f00000] [id=4076]

Threads with active compile tasks:
C2 CompilerThread0  3976 1005   !   4       sun.font.TrueTypeFont::getTableBuffer (215 bytes)
C1 CompilerThread0  3976 1021       3       java.lang.StringConcatHelper::simpleConcat (94 bytes)

VM state: not at safepoint (normal execution)

VM Mutex/Monitor currently owned by a thread: None

Heap address: 0x00000000c1e00000, size: 994 MB, Compressed Oops mode: 32-bit

CDS archive(s) mapped at: [0x0000023000000000-0x0000023000bb0000-0x0000023000bb0000), size 12255232, SharedBaseAddress: 0x0000023000000000, ArchiveRelocationMode: 1.
Compressed class space mapped at: 0x0000023001000000-0x0000023041000000, reserved size: 1073741824
Narrow klass base: 0x0000023000000000, Narrow klass shift: 0, Narrow klass range: 0x100000000

GC Precious Log:
 CPUs: 2 total, 2 available
 Memory: 3975M
 Large Page Support: Disabled
 NUMA Support: Disabled
 Compressed Oops: Enabled (32-bit)
 Heap Region Size: 1M
 Heap Min Capacity: 8M
 Heap Initial Capacity: 64M
 Heap Max Capacity: 994M
 Pre-touch: Disabled
 Parallel Workers: 2
 Concurrent Workers: 1
 Concurrent Refinement Workers: 2
 Periodic GC: Disabled

Heap:
 garbage-first heap   total 65536K, used 5553K [0x00000000c1e00000, 0x0000000100000000)
  region size 1024K, 5 young (5120K), 1 survivors (1024K)
 Metaspace       used 5729K, committed 5888K, reserved 1114112K
  class space    used 605K, committed 704K, reserved 1048576K

Heap Regions: E=young(eden), S=young(survivor), O=old, HS=humongous(starts), HC=humongous(continues), CS=collection set, F=free, OA=open archive, CA=closed archive, TAMS=top-at-mark-start (previous, next)
|   0|0x00000000c1e00000, 0x00000000c1f00000, 0x00000000c1f00000|100%| O|  |TAMS 0x00000000c1e00000, 0x00000000c1e00000| Untracked 
|   1|0x00000000c1f00000, 0x00000000c1ff2000, 0x00000000c2000000| 94%| O|  |TAMS 0x00000000c1f00000, 0x00000000c1f00000| Untracked 
|   2|0x00000000c2000000, 0x00000000c2000000, 0x00000000c2100000|  0%| F|  |TAMS 0x00000000c2000000, 0x00000000c2000000| Untracked 
|   3|0x00000000c2100000, 0x00000000c2100000, 0x00000000c2200000|  0%| F|  |TAMS 0x00000000c2100000, 0x00000000c2100000| Untracked 
|   4|0x00000000c2200000, 0x00000000c2200000, 0x00000000c2300000|  0%| F|  |TAMS 0x00000000c2200000, 0x00000000c2200000| Untracked 
|   5|0x00000000c2300000, 0x00000000c2300000, 0x00000000c2400000|  0%| F|  |TAMS 0x00000000c2300000, 0x00000000c2300000| Untracked 
|   6|0x00000000c2400000, 0x00000000c2400000, 0x00000000c2500000|  0%| F|  |TAMS 0x00000000c2400000, 0x00000000c2400000| Untracked 
|   7|0x00000000c2500000, 0x00000000c2500000, 0x00000000c2600000|  0%| F|  |TAMS 0x00000000c2500000, 0x00000000c2500000| Untracked 
|   8|0x00000000c2600000, 0x00000000c2600000, 0x00000000c2700000|  0%| F|  |TAMS 0x00000000c2600000, 0x00000000c2600000| Untracked 
|   9|0x00000000c2700000, 0x00000000c2700000, 0x00000000c2800000|  0%| F|  |TAMS 0x00000000c2700000, 0x00000000c2700000| Untracked 
|  10|0x00000000c2800000, 0x00000000c2800000, 0x00000000c2900000|  0%| F|  |TAMS 0x00000000c2800000, 0x00000000c2800000| Untracked 
|  11|0x00000000c2900000, 0x00000000c2900000, 0x00000000c2a00000|  0%| F|  |TAMS 0x00000000c2900000, 0x00000000c2900000| Untracked 
|  12|0x00000000c2a00000, 0x00000000c2a00000, 0x00000000c2b00000|  0%| F|  |TAMS 0x00000000c2a00000, 0x00000000c2a00000| Untracked 
|  13|0x00000000c2b00000, 0x00000000c2b00000, 0x00000000c2c00000|  0%| F|  |TAMS 0x00000000c2b00000, 0x00000000c2b00000| Untracked 
|  14|0x00000000c2c00000, 0x00000000c2c00000, 0x00000000c2d00000|  0%| F|  |TAMS 0x00000000c2c00000, 0x00000000c2c00000| Untracked 
|  15|0x00000000c2d00000, 0x00000000c2d00000, 0x00000000c2e00000|  0%| F|  |TAMS 0x00000000c2d00000, 0x00000000c2d00000| Untracked 
|  16|0x00000000c2e00000, 0x00000000c2e00000, 0x00000000c2f00000|  0%| F|  |TAMS 0x00000000c2e00000, 0x00000000c2e00000| Untracked 
|  17|0x00000000c2f00000, 0x00000000c2f00000, 0x00000000c3000000|  0%| F|  |TAMS 0x00000000c2f00000, 0x00000000c2f00000| Untracked 
|  18|0x00000000c3000000, 0x00000000c3000000, 0x00000000c3100000|  0%| F|  |TAMS 0x00000000c3000000, 0x00000000c3000000| Untracked 
|  19|0x00000000c3100000, 0x00000000c3100000, 0x00000000c3200000|  0%| F|  |TAMS 0x00000000c3100000, 0x00000000c3100000| Untracked 
|  20|0x00000000c3200000, 0x00000000c3200000, 0x00000000c3300000|  0%| F|  |TAMS 0x00000000c3200000, 0x00000000c3200000| Untracked 
|  21|0x00000000c3300000, 0x00000000c3300000, 0x00000000c3400000|  0%| F|  |TAMS 0x00000000c3300000, 0x00000000c3300000| Untracked 
|  22|0x00000000c3400000, 0x00000000c3400000, 0x00000000c3500000|  0%| F|  |TAMS 0x00000000c3400000, 0x00000000c3400000| Untracked 
|  23|0x00000000c3500000, 0x00000000c3500000, 0x00000000c3600000|  0%| F|  |TAMS 0x00000000c3500000, 0x00000000c3500000| Untracked 
|  24|0x00000000c3600000, 0x00000000c3600000, 0x00000000c3700000|  0%| F|  |TAMS 0x00000000c3600000, 0x00000000c3600000| Untracked 
|  25|0x00000000c3700000, 0x00000000c3700000, 0x00000000c3800000|  0%| F|  |TAMS 0x00000000c3700000, 0x00000000c3700000| Untracked 
|  26|0x00000000c3800000, 0x00000000c3800000, 0x00000000c3900000|  0%| F|  |TAMS 0x00000000c3800000, 0x00000000c3800000| Untracked 
|  27|0x00000000c3900000, 0x00000000c3900000, 0x00000000c3a00000|  0%| F|  |TAMS 0x00000000c3900000, 0x00000000c3900000| Untracked 
|  28|0x00000000c3a00000, 0x00000000c3a00000, 0x00000000c3b00000|  0%| F|  |TAMS 0x00000000c3a00000, 0x00000000c3a00000| Untracked 
|  29|0x00000000c3b00000, 0x00000000c3b00000, 0x00000000c3c00000|  0%| F|  |TAMS 0x00000000c3b00000, 0x00000000c3b00000| Untracked 
|  30|0x00000000c3c00000, 0x00000000c3c00000, 0x00000000c3d00000|  0%| F|  |TAMS 0x00000000c3c00000, 0x00000000c3c00000| Untracked 
|  31|0x00000000c3d00000, 0x00000000c3d00000, 0x00000000c3e00000|  0%| F|  |TAMS 0x00000000c3d00000, 0x00000000c3d00000| Untracked 
|  32|0x00000000c3e00000, 0x00000000c3e00000, 0x00000000c3f00000|  0%| F|  |TAMS 0x00000000c3e00000, 0x00000000c3e00000| Untracked 
|  33|0x00000000c3f00000, 0x00000000c3f00000, 0x00000000c4000000|  0%| F|  |TAMS 0x00000000c3f00000, 0x00000000c3f00000| Untracked 
|  34|0x00000000c4000000, 0x00000000c4000000, 0x00000000c4100000|  0%| F|  |TAMS 0x00000000c4000000, 0x00000000c4000000| Untracked 
|  35|0x00000000c4100000, 0x00000000c4100000, 0x00000000c4200000|  0%| F|  |TAMS 0x00000000c4100000, 0x00000000c4100000| Untracked 
|  36|0x00000000c4200000, 0x00000000c4200000, 0x00000000c4300000|  0%| F|  |TAMS 0x00000000c4200000, 0x00000000c4200000| Untracked 
|  37|0x00000000c4300000, 0x00000000c4300000, 0x00000000c4400000|  0%| F|  |TAMS 0x00000000c4300000, 0x00000000c4300000| Untracked 
|  38|0x00000000c4400000, 0x00000000c4400000, 0x00000000c4500000|  0%| F|  |TAMS 0x00000000c4400000, 0x00000000c4400000| Untracked 
|  39|0x00000000c4500000, 0x00000000c4500000, 0x00000000c4600000|  0%| F|  |TAMS 0x00000000c4500000, 0x00000000c4500000| Untracked 
|  40|0x00000000c4600000, 0x00000000c4600000, 0x00000000c4700000|  0%| F|  |TAMS 0x00000000c4600000, 0x00000000c4600000| Untracked 
|  41|0x00000000c4700000, 0x00000000c4700000, 0x00000000c4800000|  0%| F|  |TAMS 0x00000000c4700000, 0x00000000c4700000| Untracked 
|  42|0x00000000c4800000, 0x00000000c4800000, 0x00000000c4900000|  0%| F|  |TAMS 0x00000000c4800000, 0x00000000c4800000| Untracked 
|  43|0x00000000c4900000, 0x00000000c4900000, 0x00000000c4a00000|  0%| F|  |TAMS 0x00000000c4900000, 0x00000000c4900000| Untracked 
|  44|0x00000000c4a00000, 0x00000000c4a00000, 0x00000000c4b00000|  0%| F|  |TAMS 0x00000000c4a00000, 0x00000000c4a00000| Untracked 
|  45|0x00000000c4b00000, 0x00000000c4b00000, 0x00000000c4c00000|  0%| F|  |TAMS 0x00000000c4b00000, 0x00000000c4b00000| Untracked 
|  46|0x00000000c4c00000, 0x00000000c4c00000, 0x00000000c4d00000|  0%| F|  |TAMS 0x00000000c4c00000, 0x00000000c4c00000| Untracked 
|  47|0x00000000c4d00000, 0x00000000c4d00000, 0x00000000c4e00000|  0%| F|  |TAMS 0x00000000c4d00000, 0x00000000c4d00000| Untracked 
|  48|0x00000000c4e00000, 0x00000000c4e00000, 0x00000000c4f00000|  0%| F|  |TAMS 0x00000000c4e00000, 0x00000000c4e00000| Untracked 
|  49|0x00000000c4f00000, 0x00000000c4f00000, 0x00000000c5000000|  0%| F|  |TAMS 0x00000000c4f00000, 0x00000000c4f00000| Untracked 
|  50|0x00000000c5000000, 0x00000000c5000000, 0x00000000c5100000|  0%| F|  |TAMS 0x00000000c5000000, 0x00000000c5000000| Untracked 
|  51|0x00000000c5100000, 0x00000000c5100000, 0x00000000c5200000|  0%| F|  |TAMS 0x00000000c5100000, 0x00000000c5100000| Untracked 
|  52|0x00000000c5200000, 0x00000000c5200000, 0x00000000c5300000|  0%| F|  |TAMS 0x00000000c5200000, 0x00000000c5200000| Untracked 
|  53|0x00000000c5300000, 0x00000000c5300000, 0x00000000c5400000|  0%| F|  |TAMS 0x00000000c5300000, 0x00000000c5300000| Untracked 
|  54|0x00000000c5400000, 0x00000000c5400000, 0x00000000c5500000|  0%| F|  |TAMS 0x00000000c5400000, 0x00000000c5400000| Untracked 
|  55|0x00000000c5500000, 0x00000000c5500000, 0x00000000c5600000|  0%| F|  |TAMS 0x00000000c5500000, 0x00000000c5500000| Untracked 
|  56|0x00000000c5600000, 0x00000000c5600000, 0x00000000c5700000|  0%| F|  |TAMS 0x00000000c5600000, 0x00000000c5600000| Untracked 
|  57|0x00000000c5700000, 0x00000000c5700000, 0x00000000c5800000|  0%| F|  |TAMS 0x00000000c5700000, 0x00000000c5700000| Untracked 
|  58|0x00000000c5800000, 0x00000000c5800000, 0x00000000c5900000|  0%| F|  |TAMS 0x00000000c5800000, 0x00000000c5800000| Untracked 
|  59|0x00000000c5900000, 0x00000000c5a00000, 0x00000000c5a00000|100%| E|  |TAMS 0x00000000c5900000, 0x00000000c5900000| Complete 
|  60|0x00000000c5a00000, 0x00000000c5a7a710, 0x00000000c5b00000| 47%| S|CS|TAMS 0x00000000c5a00000, 0x00000000c5a00000| Complete 
|  61|0x00000000c5b00000, 0x00000000c5c00000, 0x00000000c5c00000|100%| E|CS|TAMS 0x00000000c5b00000, 0x00000000c5b00000| Complete 
|  62|0x00000000c5c00000, 0x00000000c5d00000, 0x00000000c5d00000|100%| E|CS|TAMS 0x00000000c5c00000, 0x00000000c5c00000| Complete 
|  63|0x00000000c5d00000, 0x00000000c5e00000, 0x00000000c5e00000|100%| E|CS|TAMS 0x00000000c5d00000, 0x00000000c5d00000| Complete 

Card table byte_map: [0x0000023046250000,0x0000023046450000] _byte_map_base: 0x0000023045c41000

Marking Bits (Prev, Next): (CMBitMap*) 0x00000230464cf210, (CMBitMap*) 0x00000230464cf250
 Prev Bits: [0x000002305d220000, 0x000002305e1a8000)
 Next Bits: [0x000002305e1b0000, 0x000002305f138000)

Polling page: 0x0000023044450000

Metaspace:

Usage:
  Non-class:      5.00 MB used.
      Class:    605.70 KB used.
       Both:      5.59 MB used.

Virtual space:
  Non-class space:       64.00 MB reserved,       5.06 MB (  8%) committed,  1 nodes.
      Class space:        1.00 GB reserved,     704.00 KB ( <1%) committed,  1 nodes.
             Both:        1.06 GB reserved,       5.75 MB ( <1%) committed. 

Chunk freelists:
   Non-Class:  10.90 MB
       Class:  15.25 MB
        Both:  26.14 MB

MaxMetaspaceSize: unlimited
CompressedClassSpaceSize: 1.00 GB
Initial GC threshold: 21.00 MB
Current GC threshold: 21.00 MB
CDS: on
MetaspaceReclaimPolicy: balanced
 - commit_granule_bytes: 65536.
 - commit_granule_words: 8192.
 - virtual_space_node_default_size: 8388608.
 - enlarge_chunks_in_place: 1.
 - new_chunks_are_fully_committed: 0.
 - uncommit_free_chunks: 1.
 - use_allocation_guard: 0.
 - handle_deallocations: 1.


Internal statistics:

num_allocs_failed_limit: 0.
num_arena_births: 96.
num_arena_deaths: 0.
num_vsnodes_births: 2.
num_vsnodes_deaths: 0.
num_space_committed: 92.
num_space_uncommitted: 0.
num_chunks_returned_to_freelist: 0.
num_chunks_taken_from_freelist: 136.
num_chunk_merges: 0.
num_chunk_splits: 75.
num_chunks_enlarged: 22.
num_inconsistent_stats: 0.

CodeHeap 'non-profiled nmethods': size=120064Kb used=271Kb max_used=271Kb free=119792Kb
 bounds [0x0000023055ae0000, 0x0000023055d50000, 0x000002305d020000]
CodeHeap 'profiled nmethods': size=120000Kb used=1616Kb max_used=1616Kb free=118383Kb
 bounds [0x000002304e020000, 0x000002304e290000, 0x0000023055550000]
CodeHeap 'non-nmethods': size=5696Kb used=1194Kb max_used=1211Kb free=4501Kb
 bounds [0x0000023055550000, 0x00000230557c0000, 0x0000023055ae0000]
 total_blobs=1516 nmethods=1015 adapters=415
 compilation: enabled
              stopped_count=0, restarted_count=0
 full_count=0

Compilation events (20 events):
Event: 3.757 Thread 0x000002306155a820 nmethod 1010 0x000002304e1aee10 code [0x000002304e1aefe0, 0x000002304e1af458]
Event: 3.759 Thread 0x000002306155a820 1011   !   3       sun.font.SunFontManager::registerFontFile (232 bytes)
Event: 3.761 Thread 0x000002306155a820 nmethod 1011 0x000002304e1af590 code [0x000002304e1af8e0, 0x000002304e1b0db8]
Event: 3.780 Thread 0x000002306155a820 1012       3       java.lang.invoke.DirectMethodHandle$Holder::invokeStatic (17 bytes)
Event: 3.781 Thread 0x000002306155a820 nmethod 1012 0x000002304e1b1710 code [0x000002304e1b18e0, 0x000002304e1b1e18]
Event: 3.814 Thread 0x000002306155a820 1014       1       sun.util.locale.BaseLocale::getRegion (5 bytes)
Event: 3.814 Thread 0x000002306155a820 nmethod 1014 0x0000023055b23610 code [0x0000023055b237a0, 0x0000023055b23878]
Event: 3.827 Thread 0x000002306155a820 1015       3       sun.font.TrueTypeFont::lookupName (211 bytes)
Event: 3.828 Thread 0x000002306155a820 nmethod 1015 0x000002304e1b1f10 code [0x000002304e1b21c0, 0x000002304e1b2ca8]
Event: 3.829 Thread 0x000002306155a820 1016       1       sun.util.locale.BaseLocale::getScript (5 bytes)
Event: 3.830 Thread 0x000002306155a820 nmethod 1016 0x0000023055b23910 code [0x0000023055b23aa0, 0x0000023055b23b78]
Event: 3.830 Thread 0x000002306155a820 1017       1       sun.util.locale.BaseLocale::getVariant (5 bytes)
Event: 3.830 Thread 0x000002306155a820 nmethod 1017 0x0000023055b23c10 code [0x0000023055b23da0, 0x0000023055b23e78]
Event: 3.842 Thread 0x000002306155a820 1018       3       sun.font.TrueTypeFont::getFontName (55 bytes)
Event: 3.843 Thread 0x000002306155a820 nmethod 1018 0x000002304e1b3210 code [0x000002304e1b3400, 0x000002304e1b3748]
Event: 3.878 Thread 0x000002306155a820 1019       3       java.lang.invoke.Invokers$Holder::linkToTargetMethod (10 bytes)
Event: 3.879 Thread 0x000002306155a820 nmethod 1019 0x000002304e1b3890 code [0x000002304e1b3a40, 0x000002304e1b3e98]
Event: 3.880 Thread 0x000002306155a820 1020       3       java.lang.StringConcatHelper::initialCoder (14 bytes)
Event: 3.881 Thread 0x000002306155a820 nmethod 1020 0x000002304e1b3f90 code [0x000002304e1b4120, 0x000002304e1b4238]
Event: 3.893 Thread 0x000002306155a820 1021       3       java.lang.StringConcatHelper::simpleConcat (94 bytes)

GC Heap History (4 events):
Event: 3.121 GC heap before
{Heap before GC invocations=0 (full 0):
 garbage-first heap   total 65536K, used 6144K [0x00000000c1e00000, 0x0000000100000000)
  region size 1024K, 6 young (6144K), 0 survivors (0K)
 Metaspace       used 5572K, committed 5760K, reserved 1114112K
  class space    used 600K, committed 704K, reserved 1048576K
}
Event: 3.131 GC heap after
{Heap after GC invocations=1 (full 0):
 garbage-first heap   total 65536K, used 1945K [0x00000000c1e00000, 0x0000000100000000)
  region size 1024K, 1 young (1024K), 1 survivors (1024K)
 Metaspace       used 5572K, committed 5760K, reserved 1114112K
  class space    used 600K, committed 704K, reserved 1048576K
}
Event: 3.558 GC heap before
{Heap before GC invocations=1 (full 0):
 garbage-first heap   total 65536K, used 3993K [0x00000000c1e00000, 0x0000000100000000)
  region size 1024K, 4 young (4096K), 1 survivors (1024K)
 Metaspace       used 5706K, committed 5888K, reserved 1114112K
  class space    used 605K, committed 704K, reserved 1048576K
}
Event: 3.566 GC heap after
{Heap after GC invocations=2 (full 0):
 garbage-first heap   total 65536K, used 2481K [0x00000000c1e00000, 0x0000000100000000)
  region size 1024K, 1 young (1024K), 1 survivors (1024K)
 Metaspace       used 5706K, committed 5888K, reserved 1114112K
  class space    used 605K, committed 704K, reserved 1048576K
}

Dll operation events (8 events):
Event: 0.014 Loaded shared library C:\Program Files\Eclipse Adoptium\jdk-17.0.19.10-hotspot\bin\java.dll
Event: 0.059 Loaded shared library C:\Program Files\Eclipse Adoptium\jdk-17.0.19.10-hotspot\bin\jsvml.dll
Event: 0.433 Loaded shared library C:\Program Files\Eclipse Adoptium\jdk-17.0.19.10-hotspot\bin\net.dll
Event: 0.446 Loaded shared library C:\Program Files\Eclipse Adoptium\jdk-17.0.19.10-hotspot\bin\nio.dll
Event: 1.593 Loaded shared library C:\Program Files\Eclipse Adoptium\jdk-17.0.19.10-hotspot\bin\jimage.dll
Event: 1.681 Loaded shared library C:\Program Files\Eclipse Adoptium\jdk-17.0.19.10-hotspot\bin\awt.dll
Event: 2.742 Loaded shared library C:\Program Files\Eclipse Adoptium\jdk-17.0.19.10-hotspot\bin\freetype.dll
Event: 2.743 Loaded shared library C:\Program Files\Eclipse Adoptium\jdk-17.0.19.10-hotspot\bin\fontmanager.dll

Deoptimization events (20 events):
Event: 0.997 Thread 0x0000023046490ff0 Uncommon trap: trap_request=0xffffff45 fr.pc=0x0000023055aede98 relative=0x0000000000000798
Event: 0.997 Thread 0x0000023046490ff0 Uncommon trap: reason=unstable_if action=reinterpret pc=0x0000023055aede98 method=java.util.HashMap.putVal(ILjava/lang/Object;Ljava/lang/Object;ZZ)Ljava/lang/Object; @ 236 c2
Event: 0.997 Thread 0x0000023046490ff0 DEOPT PACKING pc=0x0000023055aede98 sp=0x000000cae69fec90
Event: 0.997 Thread 0x0000023046490ff0 DEOPT UNPACKING pc=0x00000230555a699d sp=0x000000cae69fec38 mode 2
Event: 2.957 Thread 0x0000023046490ff0 DEOPT PACKING pc=0x000002304e03cdc3 sp=0x000000cae69fe790
Event: 2.957 Thread 0x0000023046490ff0 DEOPT UNPACKING pc=0x00000230555a7124 sp=0x000000cae69fdbb0 mode 0
Event: 2.994 Thread 0x0000023046490ff0 Uncommon trap: trap_request=0xffffff45 fr.pc=0x0000023055b14afc relative=0x000000000000043c
Event: 2.994 Thread 0x0000023046490ff0 Uncommon trap: reason=unstable_if action=reinterpret pc=0x0000023055b14afc method=java.lang.StringLatin1.toLowerCase(Ljava/lang/String;[BLjava/util/Locale;)Ljava/lang/String; @ 43 c2
Event: 2.994 Thread 0x0000023046490ff0 DEOPT PACKING pc=0x0000023055b14afc sp=0x000000cae69fee20
Event: 2.994 Thread 0x0000023046490ff0 DEOPT UNPACKING pc=0x00000230555a699d sp=0x000000cae69fed90 mode 2
Event: 3.343 Thread 0x0000023046490ff0 DEOPT PACKING pc=0x000002304e028745 sp=0x000000cae69fe910
Event: 3.343 Thread 0x0000023046490ff0 DEOPT UNPACKING pc=0x00000230555a7124 sp=0x000000cae69fdd88 mode 0
Event: 3.546 Thread 0x0000023046490ff0 Uncommon trap: trap_request=0xffffff45 fr.pc=0x0000023055aeba50 relative=0x00000000000001b0
Event: 3.546 Thread 0x0000023046490ff0 Uncommon trap: reason=unstable_if action=reinterpret pc=0x0000023055aeba50 method=java.lang.String.isLatin1()Z @ 10 c2
Event: 3.546 Thread 0x0000023046490ff0 DEOPT PACKING pc=0x0000023055aeba50 sp=0x000000cae69feb10
Event: 3.546 Thread 0x0000023046490ff0 DEOPT UNPACKING pc=0x00000230555a699d sp=0x000000cae69fea40 mode 2
Event: 3.625 Thread 0x0000023046490ff0 Uncommon trap: trap_request=0xffffff45 fr.pc=0x0000023055b21cb4 relative=0x0000000000000374
Event: 3.625 Thread 0x0000023046490ff0 Uncommon trap: reason=unstable_if action=reinterpret pc=0x0000023055b21cb4 method=java.lang.Character.isSurrogate(C)Z @ 3 c2
Event: 3.625 Thread 0x0000023046490ff0 DEOPT PACKING pc=0x0000023055b21cb4 sp=0x000000cae69fe800
Event: 3.625 Thread 0x0000023046490ff0 DEOPT UNPACKING pc=0x00000230555a699d sp=0x000000cae69fe718 mode 2

Classes loaded (20 events):
Event: 2.938 Loading class jdk/internal/misc/ScopedMemoryAccess$Scope
Event: 2.938 Loading class jdk/internal/misc/ScopedMemoryAccess$Scope done
Event: 2.995 Loading class sun/font/SunFontManager$4
Event: 2.996 Loading class sun/font/SunFontManager$4 done
Event: 3.082 Loading class sun/font/SunFontManager$TTorT1Filter
Event: 3.089 Loading class sun/font/SunFontManager$TTorT1Filter done
Event: 3.134 Loading class sun/awt/AppContext$PostShutdownEventRunnable
Event: 3.134 Loading class sun/awt/AppContext$PostShutdownEventRunnable done
Event: 3.134 Loading class sun/awt/AWTAutoShutdown$1
Event: 3.134 Loading class sun/awt/AWTAutoShutdown$1 done
Event: 3.181 Loading class sun/font/NativeFont
Event: 3.181 Loading class sun/font/NativeFont done
Event: 3.244 Loading class sun/font/SunFontManager$9
Event: 3.244 Loading class sun/font/SunFontManager$9 done
Event: 3.289 Loading class sun/font/SunFontManager$FamilyDescription
Event: 3.290 Loading class sun/font/SunFontManager$FamilyDescription done
Event: 3.291 Loading class sun/font/SunFontManager$10
Event: 3.291 Loading class sun/font/SunFontManager$10 done
Event: 3.592 Loading class jdk/internal/access/foreign/MemorySegmentProxy
Event: 3.592 Loading class jdk/internal/access/foreign/MemorySegmentProxy done

Classes unloaded (0 events):
No events

Classes redefined (0 events):
No events

Internal exceptions (19 events):
Event: 0.450 Thread 0x0000023046490ff0 Exception <a 'sun/nio/fs/WindowsException'{0x00000000c5df5840}> (0x00000000c5df5840) 
thrown [s\src\hotspot\share\prims\jni.cpp, line 516]
Event: 0.499 Thread 0x0000023046490ff0 Exception <a 'sun/nio/fs/WindowsException'{0x00000000c5df7fa0}> (0x00000000c5df7fa0) 
thrown [s\src\hotspot\share\prims\jni.cpp, line 516]
Event: 0.499 Thread 0x0000023046490ff0 Exception <a 'sun/nio/fs/WindowsException'{0x00000000c5df8b58}> (0x00000000c5df8b58) 
thrown [s\src\hotspot\share\prims\jni.cpp, line 516]
Event: 0.509 Thread 0x0000023046490ff0 Exception <a 'sun/nio/fs/WindowsException'{0x00000000c5df96b8}> (0x00000000c5df96b8) 
thrown [s\src\hotspot\share\prims\jni.cpp, line 516]
Event: 0.510 Thread 0x0000023046490ff0 Exception <a 'sun/nio/fs/WindowsException'{0x00000000c5dfa220}> (0x00000000c5dfa220) 
thrown [s\src\hotspot\share\prims\jni.cpp, line 516]
Event: 0.510 Thread 0x0000023046490ff0 Exception <a 'sun/nio/fs/WindowsException'{0x00000000c5dfad88}> (0x00000000c5dfad88) 
thrown [s\src\hotspot\share\prims\jni.cpp, line 516]
Event: 0.512 Thread 0x0000023046490ff0 Exception <a 'sun/nio/fs/WindowsException'{0x00000000c5dfb910}> (0x00000000c5dfb910) 
thrown [s\src\hotspot\share\prims\jni.cpp, line 516]
Event: 1.629 Thread 0x0000023046490ff0 Exception <a 'java/lang/ClassNotFoundException'{0x00000000c5ca11b8}: sun/awt/resources/spi/awtProvider> (0x00000000c5ca11b8) 
thrown [s\src\hotspot\share\classfile\systemDictionary.cpp, line 256]
Event: 1.781 Thread 0x0000023046490ff0 Exception <a 'java/io/FileNotFoundException'{0x00000000c5cf41b0}> (0x00000000c5cf41b0) 
thrown [s\src\hotspot\share\prims\jni.cpp, line 516]
Event: 1.865 Thread 0x0000023046490ff0 Exception <a 'java/io/FileNotFoundException'{0x00000000c5b218a0}> (0x00000000c5b218a0) 
thrown [s\src\hotspot\share\prims\jni.cpp, line 516]
Event: 2.046 Thread 0x0000023046490ff0 Exception <a 'java/lang/NoSuchMethodError'{0x00000000c5b66128}: 'java.lang.Object java.lang.invoke.DirectMethodHandle$Holder.invokeStaticInit(java.lang.Object)'> (0x00000000c5b66128) 
thrown [s\src\hotspot\share\interpreter\linkResolver.cpp, line 759]
Event: 2.206 Thread 0x0000023046490ff0 Exception <a 'java/lang/NoSuchMethodError'{0x00000000c5bd15e8}: 'void java.lang.invoke.DirectMethodHandle$Holder.invokeSpecial(java.lang.Object, java.lang.Object, java.lang.Object)'> (0x00000000c5bd15e8) 
thrown [s\src\hotspot\share\interpreter\linkResolver.cpp, line 759]
Event: 2.248 Thread 0x0000023046490ff0 Exception <a 'java/lang/NoSuchMethodError'{0x00000000c5bfbbc8}: 'java.lang.Object java.lang.invoke.DirectMethodHandle$Holder.newInvokeSpecial(java.lang.Object, java.lang.Object, java.lang.Object, java.lang.Object, java.lang.Object)'> (0x00000000c5bfbbc8) 
thrown [s\src\hotspot\share\interpreter\linkResolver.cpp, line 759]
Event: 2.259 Thread 0x0000023046490ff0 Exception <a 'java/lang/NoSuchMethodError'{0x00000000c5a077c0}: 'java.lang.Object java.lang.invoke.DirectMethodHandle$Holder.invokeStatic(java.lang.Object, int, java.lang.Object, java.lang.Object, java.lang.Object, java.lang.Object)'> (0x00000000c5a077c0) 
thrown [s\src\hotspot\share\interpreter\linkResolver.cpp, line 759]
Event: 2.286 Thread 0x0000023046490ff0 Exception <a 'java/lang/NoSuchMethodError'{0x00000000c5a2d190}: 'java.lang.Object java.lang.invoke.DirectMethodHandle$Holder.invokeStatic(java.lang.Object, int, java.lang.Object)'> (0x00000000c5a2d190) 
thrown [s\src\hotspot\share\interpreter\linkResolver.cpp, line 759]
Event: 2.427 Thread 0x0000023046490ff0 Exception <a 'java/lang/ClassNotFoundException'{0x00000000c5ae5870}: com/sun/swing/internal/plaf/metal/resources/spi/metalProvider> (0x00000000c5ae5870) 
thrown [s\src\hotspot\share\classfile\systemDictionary.cpp, line 256]
Event: 2.430 Thread 0x0000023046490ff0 Exception <a 'java/lang/ClassNotFoundException'{0x00000000c5ae9708}: com/sun/swing/internal/plaf/basic/resources/spi/basicProvider> (0x00000000c5ae9708) 
thrown [s\src\hotspot\share\classfile\systemDictionary.cpp, line 256]
Event: 2.562 Thread 0x0000023046490ff0 Exception <a 'java/lang/NoSuchMethodError'{0x00000000c59499c0}: 'java.lang.Object java.lang.invoke.DirectMethodHandle$Holder.invokeStaticInit(java.lang.Object, int, int, int, int)'> (0x00000000c59499c0) 
thrown [s\src\hotspot\share\interpreter\linkResolver.cpp, line 759]
Event: 2.710 Thread 0x0000023046490ff0 Exception <a 'java/lang/NoSuchMethodError'{0x00000000c5985800}: 'java.lang.Object java.lang.invoke.DirectMethodHandle$Holder.invokeStaticInit(java.lang.Object, java.lang.Object, int, int, int, int)'> (0x00000000c5985800) 
thrown [s\src\hotspot\share\interpreter\linkResolver.cpp, line 759]

VM Operations (16 events):
Event: 0.533 Executing VM operation: HandshakeAllThreads
Event: 0.533 Executing VM operation: HandshakeAllThreads done
Event: 1.533 Executing VM operation: Cleanup
Event: 1.533 Executing VM operation: Cleanup done
Event: 2.466 Executing VM operation: HandshakeAllThreads
Event: 2.467 Executing VM operation: HandshakeAllThreads done
Event: 2.613 Executing VM operation: HandshakeAllThreads
Event: 2.613 Executing VM operation: HandshakeAllThreads done
Event: 2.613 Executing VM operation: Cleanup
Event: 2.613 Executing VM operation: Cleanup done
Event: 2.811 Executing VM operation: HandshakeAllThreads
Event: 2.811 Executing VM operation: HandshakeAllThreads done
Event: 3.121 Executing VM operation: G1CollectForAllocation
Event: 3.131 Executing VM operation: G1CollectForAllocation done
Event: 3.558 Executing VM operation: G1CollectForAllocation
Event: 3.566 Executing VM operation: G1CollectForAllocation done

Memory protections (0 events):
No events

Nmethod flushes (0 events):
No events

Events (16 events):
Event: 0.060 Thread 0x0000023046490ff0 Thread added: 0x0000023046490ff0
Event: 0.066 Thread 0x0000023046490ff0 Thread added: 0x0000023046542320
Event: 0.067 Thread 0x0000023046490ff0 Thread added: 0x0000023046543850
Event: 0.095 Thread 0x0000023046490ff0 Thread added: 0x00000230614e9130
Event: 0.095 Thread 0x0000023046490ff0 Thread added: 0x00000230614ebb10
Event: 0.095 Thread 0x0000023046490ff0 Thread added: 0x00000230614ec3e0
Event: 0.095 Thread 0x0000023046490ff0 Thread added: 0x00000230614eccb0
Event: 0.095 Thread 0x0000023046490ff0 Thread added: 0x00000230614ed8b0
Event: 0.111 Thread 0x0000023046490ff0 Thread added: 0x000002306155a820
Event: 0.112 Thread 0x0000023046490ff0 Thread added: 0x000002306155f500
Event: 0.250 Thread 0x0000023046490ff0 Thread added: 0x00000230615be920
Event: 1.543 Thread 0x0000023046490ff0 Thread added: 0x00000230617bfcc0
Event: 2.061 Thread 0x0000023046490ff0 Thread added: 0x0000023061978be0
Event: 2.064 Thread 0x0000023046490ff0 Thread added: 0x00000230619790c0
Event: 2.078 Thread 0x0000023046490ff0 Thread added: 0x00000230619429b0
Event: 3.134 Thread 0x00000230619790c0 Thread exited: 0x00000230619790c0


Dynamic libraries:
0x00007ff718fe0000 - 0x00007ff718fee000 	C:\Program Files\Eclipse Adoptium\jdk-17.0.19.10-hotspot\bin\java.exe
0x00007ffc73670000 - 0x00007ffc7385e000 	C:\Windows\SYSTEM32\ntdll.dll
0x00007ffc73450000 - 0x00007ffc73503000 	C:\Windows\System32\KERNEL32.DLL
0x00007ffc6fb50000 - 0x00007ffc6fded000 	C:\Windows\System32\KERNELBASE.dll
0x00007ffc6fdf0000 - 0x00007ffc6feea000 	C:\Windows\System32\ucrtbase.dll
0x00007ffc64c20000 - 0x00007ffc64c38000 	C:\Program Files\Eclipse Adoptium\jdk-17.0.19.10-hotspot\bin\jli.dll
0x00007ffc6cf40000 - 0x00007ffc6cf5e000 	C:\Program Files\Eclipse Adoptium\jdk-17.0.19.10-hotspot\bin\VCRUNTIME140.dll
0x00007ffc732b0000 - 0x00007ffc73448000 	C:\Windows\System32\USER32.dll
0x00007ffc708b0000 - 0x00007ffc708d0000 	C:\Windows\System32\win32u.dll
0x00007ffc71b40000 - 0x00007ffc71b69000 	C:\Windows\System32\GDI32.dll
0x00007ffc552b0000 - 0x00007ffc55529000 	C:\Windows\WinSxS\amd64_microsoft.windows.common-controls_6595b64144ccf1df_6.0.17763.3887_none_de7547fe5347b868\COMCTL32.dll
0x00007ffc70640000 - 0x00007ffc707e0000 	C:\Windows\System32\gdi32full.dll
0x00007ffc70bc0000 - 0x00007ffc70c5e000 	C:\Windows\System32\msvcrt.dll
0x00007ffc70810000 - 0x00007ffc708b0000 	C:\Windows\System32\msvcp_win.dll
0x00007ffc70e80000 - 0x00007ffc711ac000 	C:\Windows\System32\combase.dll
0x00007ffc714f0000 - 0x00007ffc7160d000 	C:\Windows\System32\RPCRT4.dll
0x00007ffc6f740000 - 0x00007ffc6f7c2000 	C:\Windows\System32\bcryptPrimitives.dll
0x00007ffc70b90000 - 0x00007ffc70bbe000 	C:\Windows\System32\IMM32.DLL
0x00007ffc6cf30000 - 0x00007ffc6cf3c000 	C:\Program Files\Eclipse Adoptium\jdk-17.0.19.10-hotspot\bin\vcruntime140_1.dll
0x00007ffc624a0000 - 0x00007ffc6252d000 	C:\Program Files\Eclipse Adoptium\jdk-17.0.19.10-hotspot\bin\msvcp140.dll
0x00007ffc43a70000 - 0x00007ffc446dc000 	C:\Program Files\Eclipse Adoptium\jdk-17.0.19.10-hotspot\bin\server\jvm.dll
0x00007ffc713e0000 - 0x00007ffc71487000 	C:\Windows\System32\ADVAPI32.dll
0x00007ffc73070000 - 0x00007ffc7310f000 	C:\Windows\System32\sechost.dll
0x00007ffc6f690000 - 0x00007ffc6f6ed000 	C:\Windows\System32\POWRPROF.dll
0x00007ffc73110000 - 0x00007ffc7317d000 	C:\Windows\System32\WS2_32.dll
0x00007ffc6d4e0000 - 0x00007ffc6d504000 	C:\Windows\SYSTEM32\WINMM.dll
0x00007ffc61270000 - 0x00007ffc6127a000 	C:\Windows\SYSTEM32\VERSION.dll
0x00007ffc6cec0000 - 0x00007ffc6ceed000 	C:\Windows\SYSTEM32\WINMMBASE.dll
0x00007ffc6fa30000 - 0x00007ffc6fa7a000 	C:\Windows\System32\cfgmgr32.dll
0x00007ffc6f670000 - 0x00007ffc6f681000 	C:\Windows\System32\kernel.appcore.dll
0x00007ffc6b550000 - 0x00007ffc6b55a000 	C:\Program Files\Eclipse Adoptium\jdk-17.0.19.10-hotspot\bin\jimage.dll
0x00007ffc6dfd0000 - 0x00007ffc6e1bd000 	C:\Windows\SYSTEM32\DBGHELP.DLL
0x00007ffc5c1d0000 - 0x00007ffc5c1fa000 	C:\Windows\SYSTEM32\dbgcore.DLL
0x00007ffc6c770000 - 0x00007ffc6c795000 	C:\Program Files\Eclipse Adoptium\jdk-17.0.19.10-hotspot\bin\java.dll
0x00007ffc641d0000 - 0x00007ffc642a7000 	C:\Program Files\Eclipse Adoptium\jdk-17.0.19.10-hotspot\bin\jsvml.dll
0x00007ffc71b70000 - 0x00007ffc73068000 	C:\Windows\System32\SHELL32.dll
0x00007ffc70950000 - 0x00007ffc709f7000 	C:\Windows\System32\shcore.dll
0x00007ffc6fef0000 - 0x00007ffc70639000 	C:\Windows\System32\windows.storage.dll
0x00007ffc6f710000 - 0x00007ffc6f733000 	C:\Windows\System32\profapi.dll
0x00007ffc73180000 - 0x00007ffc731d2000 	C:\Windows\System32\shlwapi.dll
0x00007ffc6fa80000 - 0x00007ffc6fa9b000 	C:\Windows\System32\cryptsp.dll
0x00007ffc6b530000 - 0x00007ffc6b54a000 	C:\Program Files\Eclipse Adoptium\jdk-17.0.19.10-hotspot\bin\net.dll
0x00007ffc5eee0000 - 0x00007ffc5efdf000 	C:\Windows\SYSTEM32\WINHTTP.dll
0x00007ffc6eec0000 - 0x00007ffc6ef27000 	C:\Windows\system32\mswsock.dll
0x00007ffc67f10000 - 0x00007ffc67f26000 	C:\Program Files\Eclipse Adoptium\jdk-17.0.19.10-hotspot\bin\nio.dll
0x00007ffc639c0000 - 0x00007ffc63b51000 	C:\Program Files\Eclipse Adoptium\jdk-17.0.19.10-hotspot\bin\awt.dll
0x00007ffc731e0000 - 0x00007ffc732a4000 	C:\Windows\System32\OLEAUT32.dll
0x00007ffc6d080000 - 0x00007ffc6d10d000 	C:\Windows\SYSTEM32\apphelp.dll
0x00007ffc6d8d0000 - 0x00007ffc6d8fe000 	C:\Windows\system32\DWMAPI.DLL
0x00007ffc6f830000 - 0x00007ffc6fa25000 	C:\Windows\System32\CRYPT32.dll
0x00007ffc6f6f0000 - 0x00007ffc6f702000 	C:\Windows\System32\MSASN1.dll
0x00007ffc6d580000 - 0x00007ffc6d61c000 	C:\Windows\system32\uxtheme.dll
0x00007ffc51fd0000 - 0x00007ffc520f7000 	C:\Windows\system32\opengl32.dll
0x00007ffc538f0000 - 0x00007ffc5391c000 	C:\Windows\SYSTEM32\GLU32.dll
0x00007ffc711b0000 - 0x00007ffc7131b000 	C:\Windows\System32\MSCTF.dll
0x00007ffc73510000 - 0x00007ffc73666000 	C:\Windows\System32\ole32.dll
0x00007ffc6ea40000 - 0x00007ffc6ea73000 	C:\Windows\system32\rsaenh.dll
0x00007ffc707e0000 - 0x00007ffc70806000 	C:\Windows\System32\bcrypt.dll
0x00007ffc6f570000 - 0x00007ffc6f599000 	C:\Windows\SYSTEM32\USERENV.dll
0x00007ffc6f090000 - 0x00007ffc6f09c000 	C:\Windows\SYSTEM32\CRYPTBASE.dll
0x00007ffc6ebd0000 - 0x00007ffc6ec0d000 	C:\Windows\SYSTEM32\IPHLPAPI.DLL
0x00007ffc70e70000 - 0x00007ffc70e78000 	C:\Windows\System32\NSI.dll
0x00007ffc61280000 - 0x00007ffc61296000 	C:\Windows\SYSTEM32\dhcpcsvc6.DLL
0x00007ffc626f0000 - 0x00007ffc6270c000 	C:\Windows\SYSTEM32\dhcpcsvc.DLL
0x00007ffc6ec20000 - 0x00007ffc6ece6000 	C:\Windows\SYSTEM32\DNSAPI.dll
0x00007ffc62410000 - 0x00007ffc6249b000 	C:\Program Files\Eclipse Adoptium\jdk-17.0.19.10-hotspot\bin\freetype.dll
0x00007ffc62310000 - 0x00007ffc6240a000 	C:\Program Files\Eclipse Adoptium\jdk-17.0.19.10-hotspot\bin\fontmanager.dll

dbghelp: loaded successfully - version: 4.0.5 - missing functions: none
symbol engine: initialized successfully - sym options: 0x614 - pdb path: .;C:\Program Files\Eclipse Adoptium\jdk-17.0.19.10-hotspot\bin;C:\Windows\SYSTEM32;C:\Windows\WinSxS\amd64_microsoft.windows.common-controls_6595b64144ccf1df_6.0.17763.3887_none_de7547fe5347b868;C:\Program Files\Eclipse Adoptium\jdk-17.0.19.10-hotspot\bin\server

VM Arguments:
jvm_args: -Dfile.encoding=UTF-8 --module-path=E:\Documentos\NetBeansProjects\Damas-Multiplayer-Java\DamasMultiplayer\build\classes 
java_command: damasmultiplayer.DamasMultiplayer
java_class_path (initial): E:\Documentos\NetBeansProjects\Damas-Multiplayer-Java\DamasMultiplayer\build\classes
Launcher Type: SUN_STANDARD

[Global flags]
     intx CICompilerCount                          = 2                                         {product} {ergonomic}
     uint ConcGCThreads                            = 1                                         {product} {ergonomic}
     uint G1ConcRefinementThreads                  = 2                                         {product} {ergonomic}
   size_t G1HeapRegionSize                         = 1048576                                   {product} {ergonomic}
    uintx GCDrainStackTargetSize                   = 64                                        {product} {ergonomic}
   size_t InitialHeapSize                          = 67108864                                  {product} {ergonomic}
   size_t MarkStackSize                            = 4194304                                   {product} {ergonomic}
   size_t MaxHeapSize                              = 1042284544                                {product} {ergonomic}
   size_t MaxNewSize                               = 624951296                                 {product} {ergonomic}
   size_t MinHeapDeltaBytes                        = 1048576                                   {product} {ergonomic}
   size_t MinHeapSize                              = 8388608                                   {product} {ergonomic}
    uintx NonNMethodCodeHeapSize                   = 5826188                                {pd product} {ergonomic}
    uintx NonProfiledCodeHeapSize                  = 122916026                              {pd product} {ergonomic}
    uintx ProfiledCodeHeapSize                     = 122916026                              {pd product} {ergonomic}
    uintx ReservedCodeCacheSize                    = 251658240                              {pd product} {ergonomic}
     bool SegmentedCodeCache                       = true                                      {product} {ergonomic}
   size_t SoftMaxHeapSize                          = 1042284544                             {manageable} {ergonomic}
     bool UseCompressedClassPointers               = true                           {product lp64_product} {ergonomic}
     bool UseCompressedOops                        = true                           {product lp64_product} {ergonomic}
     bool UseG1GC                                  = true                                      {product} {ergonomic}
     bool UseLargePagesIndividualAllocation        = false                                  {pd product} {ergonomic}

Logging:
Log output configuration:
 #0: stdout all=warning uptime,level,tags
 #1: stderr all=off uptime,level,tags

Environment Variables:
JAVA_HOME=C:\Program Files\Eclipse Adoptium\jdk-17.0.19.10-hotspot\
PATH=C:\Program Files\Eclipse Adoptium\jdk-17.0.19.10-hotspot\bin;C:\Windows\system32;C:\Windows;C:\Windows\System32\Wbem;C:\Windows\System32\WindowsPowerShell\v1.0\;C:\Windows\System32\OpenSSH\;C:\xampp\php;C:\Program Files\Git\cmd;C:\Users\HARYERIT LAREZ\.config\herd\bin\nvm;C:\Program Files\nodejs;C:\Users\HARYERIT LAREZ\.config\herd\bin;C:\Users\HARYERIT LAREZ\AppData\Local\Microsoft\WindowsApps;E:\Microsoft VS Code\bin;C:\Users\HARYERIT LAREZ\AppData\Roaming\Composer\vendor\bin
USERNAME=HARYERIT LAREZ
OS=Windows_NT
PROCESSOR_IDENTIFIER=Intel64 Family 6 Model 92 Stepping 9, GenuineIntel
TMP=C:\Users\HARYERIT LAREZ\AppData\Local\Temp
TEMP=C:\Users\HARYERIT LAREZ\AppData\Local\Temp



Periodic native trim disabled


---------------  S Y S T E M  ---------------

OS:
 Windows 10 , 64 bit Build 17763 (10.0.17763.3887)
OS uptime: 0 days 6:49 hours

CPU: total 2 (initial active 2) (2 cores per cpu, 1 threads per core) family 6 model 92 stepping 9 microcode 0x32, cx8, cmov, fxsr, mmx, 3dnowpref, sse, sse2, sse3, ssse3, sse4.1, sse4.2, popcnt, tsc, tscinvbit, aes, erms, clmul, sha, clflush, clflushopt
Processor Information for all 2 processors :
  Max Mhz: 1101, Current Mhz: 1101, Mhz Limit: 1101

Memory: 4k page, system-wide physical 3975M (124M free)
TotalPageFile size 4375M (AvailPageFile size 3M)
current process WorkingSet (physical memory assigned to process): 63M, peak: 64M
current process commit charge ("private bytes"): 147M, peak: 148M

vm_info: OpenJDK 64-Bit Server VM (17.0.19+10) for windows-amd64 JRE (17.0.19+10), built on Apr 25 2026 08:04:44 by "admin" with MS VC++ 17.12 (VS2022)

END.
